Vivado Simulator 2018.3
Copyright 1986-1999, 2001-2018 Xilinx, Inc. All Rights Reserved.
Running: C:/Xilinx/Vivado/2018.3/bin/unwrapped/win64.o/xelab.exe -wto 9394cfa29db448d6ba0191e6386f7394 --incr --debug typical --relax --mt 2 -L xil_defaultlib -L secureip --snapshot counter_top_behav xil_defaultlib.counter_top -log elaborate.log 
Using 2 slave threads.
Starting static elaboration
Completed static elaboration
Starting simulation data flow analysis
Completed simulation data flow analysis
Time Resolution for simulation is 1ps
Compiling package std.standard
Compiling package std.textio
Compiling package ieee.std_logic_1164
Compiling package ieee.std_logic_arith
Compiling package ieee.std_logic_unsigned
Compiling architecture behavioral of entity xil_defaultlib.debounce [debounce_default]
Compiling architecture behavioral of entity xil_defaultlib.clock_div [clock_div_default]
Compiling architecture rtl_ckt of entity xil_defaultlib.divider_top [divider_top_default]
Compiling architecture behavioral of entity xil_defaultlib.fancy_counter [fancy_counter_default]
Compiling architecture rtl_ckt of entity xil_defaultlib.counter_top
Built simulation snapshot counter_top_behav
